Log file open, 01/20/19 18:41:58
LogWindows: Failed to load 'aqProf.dll' (GetLastError=126)
LogWindows: File 'aqProf.dll' does not exist
LogWindows: Failed to load 'VtuneApi.dll' (GetLastError=126)
LogWindows: File 'VtuneApi.dll' does not exist
LogWindows: Failed to load 'VtuneApi32e.dll' (GetLastError=126)
LogWindows: File 'VtuneApi32e.dll' does not exist
LogConsoleResponse: Display: Failed to find resolution value strings in scalability ini. Falling back to default.
LogInit: Display: Running engine for game: MoonMushrooms
LogPakFile: Registered encryption key '00000000000000000000000000000000': 0 pak files mounted, 0 remain pending
LogPlatformFile: Not using cached read wrapper
LogTaskGraph: Started task graph with 5 named threads and 35 total threads with 3 sets of task threads.
LogStats: Stats thread started at 0.415011
LogD3D11RHI: Loaded GFSDK_Aftermath_Lib.x64.dll
LogICUInternationalization: ICU TimeZone Detection - Raw Offset: -7:00, Platform Override: ''
LogPluginManager: Mounting plugin Paper2D
LogPluginManager: Mounting plugin AISupport
LogPluginManager: Mounting plugin LightPropagationVolume
LogPluginManager: Mounting plugin ActorLayerUtilities
LogPluginManager: Mounting plugin CLionSourceCodeAccess
LogPluginManager: Mounting plugin CodeLiteSourceCodeAccess
LogPluginManager: Mounting plugin GitSourceControl
LogPluginManager: Mounting plugin KDevelopSourceCodeAccess
LogPluginManager: Mounting plugin NullSourceCodeAccess
LogPluginManager: Mounting plugin PerforceSourceControl
LogPluginManager: Mounting plugin SubversionSourceControl
LogPluginManager: Mounting plugin UObjectPlugin
LogPluginManager: Mounting plugin VisualStudioCodeSourceCodeAccess
LogPluginManager: Mounting plugin VisualStudioSourceCodeAccess
LogPluginManager: Mounting plugin XCodeSourceCodeAccess
LogPluginManager: Mounting plugin AssetManagerEditor
LogPluginManager: Mounting plugin CryptoKeys
LogPluginManager: Mounting plugin DataValidation
LogPluginManager: Mounting plugin FacialAnimation
LogPluginManager: Mounting plugin GameplayTagsEditor
LogPluginManager: Mounting plugin MacGraphicsSwitching
LogPluginManager: Mounting plugin MeshEditor
LogPluginManager: Mounting plugin MobileLauncherProfileWizard
LogPluginManager: Mounting plugin PluginBrowser
LogPluginManager: Mounting plugin SpeedTreeImporter
LogPluginManager: Mounting plugin DatasmithContent
LogPluginManager: Mounting plugin VariantManagerContent
LogPluginManager: Mounting plugin AlembicImporter
LogPluginManager: Mounting plugin AppleImageUtils
LogPluginManager: Mounting plugin AppleVision
LogPluginManager: Mounting plugin BackChannel
LogPluginManager: Mounting plugin CharacterAI
LogPluginManager: Mounting plugin GeometryCache
LogPluginManager: Mounting plugin HTML5Networking
LogPluginManager: Mounting plugin ProxyLODPlugin
LogPluginManager: Mounting plugin MagicLeap
LogPluginManager: Mounting plugin MagicLeapMedia
LogPluginManager: Mounting plugin AndroidMedia
LogPluginManager: Mounting plugin AvfMedia
LogPluginManager: Mounting plugin ImgMedia
LogPluginManager: Mounting plugin LinearTimecode
LogPluginManager: Mounting plugin MediaCompositing
LogPluginManager: Mounting plugin MediaPlayerEditor
LogPluginManager: Mounting plugin WebMMedia
LogPluginManager: Mounting plugin WmfMedia
LogPluginManager: Mounting plugin TcpMessaging
LogPluginManager: Mounting plugin UdpMessaging
LogPluginManager: Mounting plugin ActorSequence
LogPluginManager: Mounting plugin LevelSequenceEditor
LogPluginManager: Mounting plugin MatineeToLevelSequence
LogPluginManager: Mounting plugin NetcodeUnitTest
LogPluginManager: Mounting plugin NUTUnrealEngine4
LogPluginManager: Mounting plugin OnlineSubsystemGooglePlay
LogPluginManager: Mounting plugin OnlineSubsystemIOS
LogPluginManager: Mounting plugin OnlineSubsystem
LogPluginManager: Mounting plugin OnlineSubsystemNull
LogPluginManager: Mounting plugin OnlineSubsystemUtils
LogPluginManager: Mounting plugin LauncherChunkInstaller
LogPluginManager: Mounting plugin AndroidDeviceProfileSelector
LogPluginManager: Mounting plugin AndroidMoviePlayer
LogPluginManager: Mounting plugin AndroidPermission
LogPluginManager: Mounting plugin AppleMoviePlayer
LogPluginManager: Mounting plugin ArchVisCharacter
LogPluginManager: Mounting plugin AudioCapture
LogPluginManager: Mounting plugin CableComponent
LogPluginManager: Mounting plugin CustomMeshComponent
LogPluginManager: Mounting plugin EditableMesh
LogPluginManager: Mounting plugin ExampleDeviceProfileSelector
LogPluginManager: Mounting plugin Firebase
LogPluginManager: Mounting plugin GoogleCloudMessaging
LogPluginManager: Mounting plugin IOSDeviceProfileSelector
LogPluginManager: Mounting plugin LinuxDeviceProfileSelector
LogPluginManager: Mounting plugin LocationServicesBPLibrary
LogPluginManager: Mounting plugin MobilePatchingUtils
LogPluginManager: Mounting plugin OculusVR
LogPluginManager: Mounting plugin PhysXVehicles
LogPluginManager: Mounting plugin ProceduralMeshComponent
LogPluginManager: Mounting plugin RuntimePhysXCooking
LogPluginManager: Mounting plugin SteamVR
LogPluginManager: Mounting plugin WebMMoviePlayer
LogPluginManager: Mounting plugin WindowsMoviePlayer
LogStreaming: Display: Took  0.079s to configure plugins.
LogInit: Using libcurl 7.55.1-DEV
LogInit:  - built for x86_64-pc-win32
LogInit:  - supports SSL with OpenSSL/1.0.2h
LogInit:  - supports HTTP deflate (compression) using libz 1.2.8
LogInit:  - other features:
LogInit:      CURL_VERSION_SSL
LogInit:      CURL_VERSION_LIBZ
LogInit:      CURL_VERSION_IPV6
LogInit:      CURL_VERSION_ASYNCHDNS
LogInit:      CURL_VERSION_LARGEFILE
LogInit:      CURL_VERSION_IDN
LogInit:  CurlRequestOptions (configurable via config and command line):
LogInit:  - bVerifyPeer = true  - Libcurl will verify peer certificate
LogInit:  - bUseHttpProxy = false  - Libcurl will NOT use HTTP proxy
LogInit:  - bDontReuseConnections = false  - Libcurl will reuse connections
LogInit:  - MaxHostConnections = 16  - Libcurl will limit the number of connections to a host
LogInit:  - LocalHostAddr = Default
LogInit:  - BufferSize = 65536
LogInit: WinSock: version 1.1 (2.2), MaxSocks=32767, MaxUdp=65467
LogInit: Build: ++UE4+Release-4.21-CL-4613538
LogInit: Engine Version: 4.21.1-4613538+++UE4+Release-4.21
LogInit: Compatible Engine Version: 4.21.0-4541578+++UE4+Release-4.21
LogInit: Net CL: 4541578
LogInit: OS: Windows 10 (), CPU: AMD Ryzen 5 1600 Six-Core Processor            , GPU: NVIDIA GeForce GT 630
LogInit: Compiled (64-bit): Nov 30 2018 04:13:25
LogInit: Compiled with Visual C++: 19.13.26129.00
LogInit: Build Configuration: Development
LogInit: Branch Name: ++UE4+Release-4.21
LogInit: Command Line: 
LogInit: Base Directory: C:/Program Files/Epic Games/UE_4.21/Engine/Binaries/Win64/
LogInit: Installed Engine Build: 1
LogDevObjectVersion: Number of dev versions registered: 22
LogDevObjectVersion:   Dev-Blueprints (B0D832E4-1F89-4F0D-ACCF-7EB736FD4AA2): 10
LogDevObjectVersion:   Dev-Build (E1C64328-A22C-4D53-A36C-8E866417BD8C): 0
LogDevObjectVersion:   Dev-Core (375EC13C-06E4-48FB-B500-84F0262A717E): 2
LogDevObjectVersion:   Dev-Editor (E4B068ED-F494-42E9-A231-DA0B2E46BB41): 26
LogDevObjectVersion:   Dev-Framework (CFFC743F-43B0-4480-9391-14DF171D2073): 34
LogDevObjectVersion:   Dev-Mobile (B02B49B5-BB20-44E9-A304-32B752E40360): 2
LogDevObjectVersion:   Dev-Networking (A4E4105C-59A1-49B5-A7C5-40C4547EDFEE): 0
LogDevObjectVersion:   Dev-Online (39C831C9-5AE6-47DC-9A44-9C173E1C8E7C): 0
LogDevObjectVersion:   Dev-Physics (78F01B33-EBEA-4F98-B9B4-84EACCB95AA2): 0
LogDevObjectVersion:   Dev-Platform (6631380F-2D4D-43E0-8009-CF276956A95A): 0
LogDevObjectVersion:   Dev-Rendering (12F88B9F-8875-4AFC-A67C-D90C383ABD29): 27
LogDevObjectVersion:   Dev-Sequencer (7B5AE74C-D270-4C10-A958-57980B212A5A): 9
LogDevObjectVersion:   Dev-VR (D7296918-1DD6-4BDD-9DE2-64A83CC13884): 2
LogDevObjectVersion:   Dev-LoadTimes (C2A15278-BFE7-4AFE-6C17-90FF531DF755): 1
LogDevObjectVersion:   Private-Geometry (6EACA3D4-40EC-4CC1-B786-8BED09428FC5): 3
LogDevObjectVersion:   Dev-AnimPhys (29E575DD-E0A3-4627-9D10-D276232CDCEA): 17
LogDevObjectVersion:   Dev-Anim (AF43A65D-7FD3-4947-9873-3E8ED9C1BB05): 2
LogDevObjectVersion:   Dev-ReflectionCapture (6B266CEC-1EC7-4B8F-A30B-E4D90942FC07): 1
LogDevObjectVersion:   Dev-Automation (0DF73D61-A23F-47EA-B727-89E90C41499A): 1
LogDevObjectVersion:   FortniteMain (601D1886-AC64-4F84-AA16-D3DE0DEAC7D6): 17
LogDevObjectVersion:   Dev-Enterprise (9DFFBCD6-494F-0158-E221-12823C92A888): 4
LogDevObjectVersion:   Dev-Niagara (F2AED0AC-9AFE-416F-8664-AA7FFA26D6FC): 1
LogStreaming: Display: Took  0.001s to delete old logs.
LogInit: Presizing for max 8388607 objects, including 0 objects not considered by GC, pre-allocating 0 bytes for permanent pool.
LogInit: Object subsystem initialized
LogConfig: Setting CVar [[con.DebugEarlyDefault:1]]
LogConfig: Setting CVar [[r.setres:1280x720]]
[2019.01.21-01.41.58:828][  0]LogConfig: Setting CVar [[r.VSync:0]]
[2019.01.21-01.41.58:828][  0]LogConfig: Setting CVar [[r.RHICmdBypass:0]]
[2019.01.21-01.41.58:828][  0]LogConfig: Applying CVar settings from Section [/Script/Engine.RendererSettings] File [C:/Users/ChrispyGoodGood/Documents/GitHub/SpaceMushrooms/Saved/Config/Windows/Engine.ini]
[2019.01.21-01.41.58:828][  0]LogConfig: Setting CVar [[r.GPUCrashDebugging:0]]
[2019.01.21-01.41.58:828][  0]LogConfig: Applying CVar settings from Section [/Script/Engine.RendererOverrideSettings] File [C:/Users/ChrispyGoodGood/Documents/GitHub/SpaceMushrooms/Saved/Config/Windows/Engine.ini]
[2019.01.21-01.41.58:828][  0]LogConfig: Applying CVar settings from Section [/Script/Engine.StreamingSettings] File [C:/Users/ChrispyGoodGood/Documents/GitHub/SpaceMushrooms/Saved/Config/Windows/Engine.ini]
[2019.01.21-01.41.58:828][  0]LogConfig: Setting CVar [[s.MinBulkDataSizeForAsyncLoading:131072]]
[2019.01.21-01.41.58:828][  0]LogConfig: Setting CVar [[s.AsyncLoadingThreadEnabled:0]]
[2019.01.21-01.41.58:828][  0]LogConfig: Setting CVar [[s.EventDrivenLoaderEnabled:1]]
[2019.01.21-01.41.58:828][  0]LogConfig: Setting CVar [[s.WarnIfTimeLimitExceeded:0]]
[2019.01.21-01.41.58:828][  0]LogConfig: Setting CVar [[s.TimeLimitExceededMultiplier:1.5]]
[2019.01.21-01.41.58:828][  0]LogConfig: Setting CVar [[s.TimeLimitExceededMinTime:0.005]]
[2019.01.21-01.41.58:828][  0]LogConfig: Setting CVar [[s.UseBackgroundLevelStreaming:1]]
[2019.01.21-01.41.58:828][  0]LogConfig: Setting CVar [[s.PriorityAsyncLoadingExtraTime:15.0]]
[2019.01.21-01.41.58:828][  0]LogConfig: Setting CVar [[s.LevelStreamingActorsUpdateTimeLimit:5.0]]
[2019.01.21-01.41.58:828][  0]LogConfig: Setting CVar [[s.PriorityLevelStreamingActorsUpdateExtraTime:5.0]]
[2019.01.21-01.41.58:829][  0]LogConfig: Setting CVar [[s.LevelStreamingComponentsRegistrationGranularity:10]]
[2019.01.21-01.41.58:829][  0]LogConfig: Setting CVar [[s.UnregisterComponentsTimeLimit:1.0]]
[2019.01.21-01.41.58:829][  0]LogConfig: Setting CVar [[s.LevelStreamingComponentsUnregistrationGranularity:5]]
[2019.01.21-01.41.58:829][  0]LogConfig: Applying CVar settings from Section [/Script/Engine.GarbageCollectionSettings] File [C:/Users/ChrispyGoodGood/Documents/GitHub/SpaceMushrooms/Saved/Config/Windows/Engine.ini]
[2019.01.21-01.41.58:829][  0]LogConfig: Setting CVar [[gc.MaxObjectsNotConsideredByGC:1]]
[2019.01.21-01.41.58:829][  0]LogConfig: Setting CVar [[gc.SizeOfPermanentObjectPool:0]]
[2019.01.21-01.41.58:829][  0]LogConfig: Setting CVar [[gc.FlushStreamingOnGC:0]]
[2019.01.21-01.41.58:829][  0]LogConfig: Setting CVar [[gc.NumRetriesBeforeForcingGC:10]]
[2019.01.21-01.41.58:829][  0]LogConfig: Setting CVar [[gc.AllowParallelGC:1]]
[2019.01.21-01.41.58:829][  0]LogConfig: Setting CVar [[gc.TimeBetweenPurgingPendingKillObjects:61.1]]
[2019.01.21-01.41.58:829][  0]LogConfig: Setting CVar [[gc.MaxObjectsInEditor:8388607]]
[2019.01.21-01.41.58:829][  0]LogConfig: Setting CVar [[gc.IncrementalBeginDestroyEnabled:1]]
[2019.01.21-01.41.58:829][  0]LogConfig: Setting CVar [[gc.CreateGCClusters:1]]
[2019.01.21-01.41.58:829][  0]LogConfig: Setting CVar [[gc.MergeGCClusters:0]]
[2019.01.21-01.41.58:829][  0]LogConfig: Setting CVar [[gc.MinGCClusterSize:5]]
[2019.01.21-01.41.58:829][  0]LogConfig: Setting CVar [[gc.ActorClusteringEnabled:0]]
[2019.01.21-01.41.58:829][  0]LogConfig: Setting CVar [[gc.BlueprintClusteringEnabled:0]]
[2019.01.21-01.41.58:829][  0]LogConfig: Setting CVar [[gc.UseDisregardForGCOnDedicatedServers:0]]
[2019.01.21-01.41.58:829][  0]LogConfig: Applying CVar settings from Section [/Script/Engine.NetworkSettings] File [C:/Users/ChrispyGoodGood/Documents/GitHub/SpaceMushrooms/Saved/Config/Windows/Engine.ini]
[2019.01.21-01.41.58:829][  0]LogConfig: Applying CVar settings from Section [/Script/UnrealEd.CookerSettings] File [C:/Users/ChrispyGoodGood/Documents/GitHub/SpaceMushrooms/Saved/Config/Windows/Engine.ini]
[2019.01.21-01.41.58:834][  0]LogConfig: Applying CVar settings from Section [ViewDistanceQuality@3] File [C:/Users/ChrispyGoodGood/Documents/GitHub/SpaceMushrooms/Saved/Config/Windows/Scalability.ini]
[2019.01.21-01.41.58:834][  0]LogConfig: Setting CVar [[r.SkeletalMeshLODBias:0]]
[2019.01.21-01.41.58:834][  0]LogConfig: Setting CVar [[r.ViewDistanceScale:1.0]]
[2019.01.21-01.41.58:834][  0]LogConfig: Applying CVar settings from Section [AntiAliasingQuality@3] File [C:/Users/ChrispyGoodGood/Documents/GitHub/SpaceMushrooms/Saved/Config/Windows/Scalability.ini]
[2019.01.21-01.41.58:834][  0]LogConfig: Setting CVar [[r.PostProcessAAQuality:4]]
[2019.01.21-01.41.58:834][  0]LogConfig: Applying CVar settings from Section [ShadowQuality@3] File [C:/Users/ChrispyGoodGood/Documents/GitHub/SpaceMushrooms/Saved/Config/Windows/Scalability.ini]
[2019.01.21-01.41.58:834][  0]LogConfig: Setting CVar [[r.LightFunctionQuality:1]]
[2019.01.21-01.41.58:834][  0]LogConfig: Setting CVar [[r.ShadowQuality:5]]
[2019.01.21-01.41.58:834][  0]LogConfig: Setting CVar [[r.Shadow.CSM.MaxCascades:10]]
[2019.01.21-01.41.58:834][  0]LogConfig: Setting CVar [[r.Shadow.MaxResolution:2048]]
[2019.01.21-01.41.58:834][  0]LogConfig: Setting CVar [[r.Shadow.MaxCSMResolution:2048]]
[2019.01.21-01.41.58:834][  0]LogConfig: Setting CVar [[r.Shadow.RadiusThreshold:0.01]]
[2019.01.21-01.41.58:834][  0]LogConfig: Setting CVar [[r.Shadow.DistanceScale:1.0]]
[2019.01.21-01.41.58:834][  0]LogConfig: Setting CVar [[r.Shadow.CSM.TransitionScale:1.0]]
[2019.01.21-01.41.58:834][  0]LogConfig: Setting CVar [[r.Shadow.PreShadowResolutionFactor:1.0]]
[2019.01.21-01.41.58:834][  0]LogConfig: Setting CVar [[r.DistanceFieldShadowing:1]]
[2019.01.21-01.41.58:834][  0]LogConfig: Setting CVar [[r.DistanceFieldAO:1]]
[2019.01.21-01.41.58:834][  0]LogConfig: Setting CVar [[r.AOQuality:2]]
[2019.01.21-01.41.58:834][  0]LogConfig: Setting CVar [[r.VolumetricFog:1]]
[2019.01.21-01.41.58:834][  0]LogConfig: Setting CVar [[r.VolumetricFog.GridPixelSize:8]]
[2019.01.21-01.41.58:834][  0]LogConfig: Setting CVar [[r.VolumetricFog.GridSizeZ:128]]
[2019.01.21-01.41.58:834][  0]LogConfig: Setting CVar [[r.VolumetricFog.HistoryMissSupersampleCount:4]]
[2019.01.21-01.41.58:834][  0]LogConfig: Setting CVar [[r.LightMaxDrawDistanceScale:1]]
[2019.01.21-01.41.58:834][  0]LogConfig: Setting CVar [[r.CapsuleShadows:1]]
[2019.01.21-01.41.58:834][  0]LogConfig: Applying CVar settings from Section [PostProcessQuality@3] File [C:/Users/ChrispyGoodGood/Documents/GitHub/SpaceMushrooms/Saved/Config/Windows/Scalability.ini]
[2019.01.21-01.41.58:834][  0]LogConfig: Setting CVar [[r.MotionBlurQuality:4]]
[2019.01.21-01.41.58:834][  0]LogConfig: Setting CVar [[r.AmbientOcclusionMipLevelFactor:0.4]]
[2019.01.21-01.41.58:834][  0]LogConfig: Setting CVar [[r.AmbientOcclusionMaxQuality:100]]
[2019.01.21-01.41.58:834][  0]LogConfig: Setting CVar [[r.AmbientOcclusionLevels:-1]]
[2019.01.21-01.41.58:834][  0]LogConfig: Setting CVar [[r.AmbientOcclusionRadiusScale:1.0]]
[2019.01.21-01.41.58:834][  0]LogConfig: Setting CVar [[r.DepthOfFieldQuality:2]]
[2019.01.21-01.41.58:834][  0]LogConfig: Setting CVar [[r.RenderTargetPoolMin:400]]
[2019.01.21-01.41.58:834][  0]LogConfig: Setting CVar [[r.LensFlareQuality:2]]
[2019.01.21-01.41.58:834][  0]LogConfig: Setting CVar [[r.SceneColorFringeQuality:1]]
[2019.01.21-01.41.58:834][  0]LogConfig: Setting CVar [[r.EyeAdaptationQuality:2]]
[2019.01.21-01.41.58:834][  0]LogConfig: Setting CVar [[r.BloomQuality:5]]
[2019.01.21-01.41.58:834][  0]LogConfig: Setting CVar [[r.FastBlurThreshold:100]]
[2019.01.21-01.41.58:834][  0]LogConfig: Setting CVar [[r.Upscale.Quality:3]]
[2019.01.21-01.41.58:834][  0]LogConfig: Setting CVar [[r.Tonemapper.GrainQuantization:1]]
[2019.01.21-01.41.58:834][  0]LogConfig: Setting CVar [[r.LightShaftQuality:1]]
[2019.01.21-01.41.58:834][  0]LogConfig: Setting CVar [[r.Filter.SizeScale:1]]
[2019.01.21-01.41.58:834][  0]LogConfig: Setting CVar [[r.Tonemapper.Quality:5]]
[2019.01.21-01.41.58:834][  0]LogConfig: Setting CVar [[r.DOF.Gather.AccumulatorQuality:1        ; higher gathering accumulator quality]]
[2019.01.21-01.41.58:834][  0]LogConfig: Setting CVar [[r.DOF.Gather.PostfilterMethod:1          ; Median3x3 postfilering method]]
[2019.01.21-01.41.58:834][  0]LogConfig: Setting CVar [[r.DOF.Gather.EnableBokehSettings:0       ; no bokeh simulation when gathering]]
[2019.01.21-01.41.58:834][  0]LogConfig: Setting CVar [[r.DOF.Gather.RingCount:4                 ; medium number of samples when gathering]]
[2019.01.21-01.41.58:834][  0]LogConfig: Setting CVar [[r.DOF.Scatter.ForegroundCompositing:1    ; additive foreground scattering]]
[2019.01.21-01.41.58:834][  0]LogConfig: Setting CVar [[r.DOF.Scatter.BackgroundCompositing:2    ; additive background scattering]]
[2019.01.21-01.41.58:834][  0]LogConfig: Setting CVar [[r.DOF.Scatter.EnableBokehSettings:1      ; bokeh simulation when scattering]]
[2019.01.21-01.41.58:834][  0]LogConfig: Setting CVar [[r.DOF.Scatter.MaxSpriteRatio:0.1         ; only a maximum of 10% of scattered bokeh]]
[2019.01.21-01.41.58:834][  0]LogConfig: Setting CVar [[r.DOF.Recombine.Quality:1                ; cheap slight out of focus]]
[2019.01.21-01.41.58:834][  0]LogConfig: Setting CVar [[r.DOF.Recombine.EnableBokehSettings:0    ; no bokeh simulation on slight out of focus]]
[2019.01.21-01.41.58:834][  0]LogConfig: Setting CVar [[r.DOF.TemporalAAQuality:1                ; more stable temporal accumulation]]
[2019.01.21-01.41.58:834][  0]LogConfig: Setting CVar [[r.DOF.Kernel.MaxForegroundRadius:0.025]]
[2019.01.21-01.41.58:834][  0]LogConfig: Setting CVar [[r.DOF.Kernel.MaxBackgroundRadius:0.025]]
[2019.01.21-01.41.58:834][  0]LogConfig: Applying CVar settings from Section [TextureQuality@3] File [C:/Users/ChrispyGoodGood/Documents/GitHub/SpaceMushrooms/Saved/Config/Windows/Scalability.ini]
[2019.01.21-01.41.58:834][  0]LogConfig: Setting CVar [[r.Streaming.MipBias:0]]
[2019.01.21-01.41.58:834][  0]LogConfig: Setting CVar [[r.Streaming.AmortizeCPUToGPUCopy:0]]
[2019.01.21-01.41.58:834][  0]LogConfig: Setting CVar [[r.Streaming.MaxNumTexturesToStreamPerFrame:0]]
[2019.01.21-01.41.58:834][  0]LogConfig: Setting CVar [[r.Streaming.Boost:1]]
[2019.01.21-01.41.58:835][  0]LogConfig: Setting CVar [[r.MaxAnisotropy:8]]
[2019.01.21-01.41.58:835][  0]LogConfig: Setting CVar [[r.Streaming.LimitPoolSizeToVRAM:0]]
[2019.01.21-01.41.58:835][  0]LogConfig: Setting CVar [[r.Streaming.PoolSize:1000]]
[2019.01.21-01.41.58:835][  0]LogConfig: Setting CVar [[r.Streaming.MaxEffectiveScreenSize:0]]
[2019.01.21-01.41.58:835][  0]LogConfig: Applying CVar settings from Section [EffectsQuality@3] File [C:/Users/ChrispyGoodGood/Documents/GitHub/SpaceMushrooms/Saved/Config/Windows/Scalability.ini]
[2019.01.21-01.41.58:835][  0]LogConfig: Setting CVar [[r.TranslucencyLightingVolumeDim:64]]
[2019.01.21-01.41.58:835][  0]LogConfig: Setting CVar [[r.RefractionQuality:2]]
[2019.01.21-01.41.58:835][  0]LogConfig: Setting CVar [[r.SSR.Quality:3]]
[2019.01.21-01.41.58:835][  0]LogConfig: Setting CVar [[r.SceneColorFormat:4]]
[2019.01.21-01.41.58:835][  0]LogConfig: Setting CVar [[r.DetailMode:2]]
[2019.01.21-01.41.58:835][  0]LogConfig: Setting CVar [[r.TranslucencyVolumeBlur:1]]
[2019.01.21-01.41.58:835][  0]LogConfig: Setting CVar [[r.MaterialQualityLevel:1 ; High quality]]
[2019.01.21-01.41.58:835][  0]LogConfig: Setting CVar [[r.SSS.Scale:1]]
[2019.01.21-01.41.58:835][  0]LogConfig: Setting CVar [[r.SSS.SampleSet:2]]
[2019.01.21-01.41.58:835][  0]LogConfig: Setting CVar [[r.SSS.Quality:1]]
[2019.01.21-01.41.58:835][  0]LogConfig: Setting CVar [[r.SSS.HalfRes:1]]
[2019.01.21-01.41.58:835][  0]LogConfig: Setting CVar [[r.EmitterSpawnRateScale:1.0]]
[2019.01.21-01.41.58:835][  0]LogConfig: Setting CVar [[r.ParticleLightQuality:2]]
[2019.01.21-01.41.58:835][  0]LogConfig: Applying CVar settings from Section [FoliageQuality@3] File [C:/Users/ChrispyGoodGood/Documents/GitHub/SpaceMushrooms/Saved/Config/Windows/Scalability.ini]
[2019.01.21-01.41.58:835][  0]LogConfig: Setting CVar [[foliage.DensityScale:1.0]]
[2019.01.21-01.41.58:835][  0]LogConfig: Setting CVar [[grass.DensityScale:1.0]]
[2019.01.21-01.41.58:835][  0]LogInit: Selected Device Profile: [Windows]
[2019.01.21-01.41.58:835][  0]LogInit: Applying CVar settings loaded from the selected device profile: [Windows]
[2019.01.21-01.41.58:849][  0]LogHAL: Display: Platform has ~ 16 GB [17129984000 / 17179869184 / 16], which maps to Larger [LargestMinGB=32, LargerMinGB=12, DefaultMinGB=8, SmallerMinGB=6, SmallestMinGB=0)
[2019.01.21-01.41.58:849][  0]LogConfig: Setting CVar [[r.Vulkan.UseRealUBs:1]]
[2019.01.21-01.41.58:849][  0]LogInit: Going up to parent DeviceProfile []
[2019.01.21-01.41.58:849][  0]LogConfig: Applying CVar settings from Section [ViewDistanceQuality@3] File [C:/Users/ChrispyGoodGood/Documents/GitHub/SpaceMushrooms/Saved/Config/Windows/Scalability.ini]
[2019.01.21-01.41.58:849][  0]LogConfig: Setting CVar [[r.SkeletalMeshLODBias:0]]
[2019.01.21-01.41.58:849][  0]LogConfig: Setting CVar [[r.ViewDistanceScale:1.0]]
[2019.01.21-01.41.58:849][  0]LogConfig: Applying CVar settings from Section [AntiAliasingQuality@3] File [C:/Users/ChrispyGoodGood/Documents/GitHub/SpaceMushrooms/Saved/Config/Windows/Scalability.ini]
[2019.01.21-01.41.58:849][  0]LogConfig: Setting CVar [[r.PostProcessAAQuality:4]]
[2019.01.21-01.41.58:849][  0]LogConfig: Applying CVar settings from Section [ShadowQuality@3] File [C:/Users/ChrispyGoodGood/Documents/GitHub/SpaceMushrooms/Saved/Config/Windows/Scalability.ini]
[2019.01.21-01.41.58:849][  0]LogConfig: Setting CVar [[r.LightFunctionQuality:1]]
[2019.01.21-01.41.58:849][  0]LogConfig: Setting CVar [[r.ShadowQuality:5]]
[2019.01.21-01.41.58:849][  0]LogConfig: Setting CVar [[r.Shadow.CSM.MaxCascades:10]]
[2019.01.21-01.41.58:849][  0]LogConfig: Setting CVar [[r.Shadow.MaxResolution:2048]]
[2019.01.21-01.41.58:849][  0]LogConfig: Setting CVar [[r.Shadow.MaxCSMResolution:2048]]
[2019.01.21-01.41.58:849][  0]LogConfig: Setting CVar [[r.Shadow.RadiusThreshold:0.01]]
[2019.01.21-01.41.58:849][  0]LogConfig: Setting CVar [[r.Shadow.DistanceScale:1.0]]
[2019.01.21-01.41.58:849][  0]LogConfig: Setting CVar [[r.Shadow.CSM.TransitionScale:1.0]]
[2019.01.21-01.41.58:849][  0]LogConfig: Setting CVar [[r.Shadow.PreShadowResolutionFactor:1.0]]
[2019.01.21-01.41.58:849][  0]LogConfig: Setting CVar [[r.DistanceFieldShadowing:1]]
[2019.01.21-01.41.58:849][  0]LogConfig: Setting CVar [[r.DistanceFieldAO:1]]
[2019.01.21-01.41.58:849][  0]LogConfig: Setting CVar [[r.AOQuality:2]]
[2019.01.21-01.41.58:849][  0]LogConfig: Setting CVar [[r.VolumetricFog:1]]
[2019.01.21-01.41.58:849][  0]LogConfig: Setting CVar [[r.VolumetricFog.GridPixelSize:8]]
[2019.01.21-01.41.58:849][  0]LogConfig: Setting CVar [[r.VolumetricFog.GridSizeZ:128]]
[2019.01.21-01.41.58:849][  0]LogConfig: Setting CVar [[r.VolumetricFog.HistoryMissSupersampleCount:4]]
[2019.01.21-01.41.58:850][  0]LogConfig: Setting CVar [[r.LightMaxDrawDistanceScale:1]]
[2019.01.21-01.41.58:850][  0]LogConfig: Setting CVar [[r.CapsuleShadows:1]]
[2019.01.21-01.41.58:850][  0]LogConfig: Applying CVar settings from Section [PostProcessQuality@3] File [C:/Users/ChrispyGoodGood/Documents/GitHub/SpaceMushrooms/Saved/Config/Windows/Scalability.ini]
[2019.01.21-01.41.58:850][  0]LogConfig: Setting CVar [[r.MotionBlurQuality:4]]
[2019.01.21-01.41.58:850][  0]LogConfig: Setting CVar [[r.AmbientOcclusionMipLevelFactor:0.4]]
[2019.01.21-01.41.58:850][  0]LogConfig: Setting CVar [[r.AmbientOcclusionMaxQuality:100]]
[2019.01.21-01.41.58:850][  0]LogConfig: Setting CVar [[r.AmbientOcclusionLevels:-1]]
[2019.01.21-01.41.58:850][  0]LogConfig: Setting CVar [[r.AmbientOcclusionRadiusScale:1.0]]
[2019.01.21-01.41.58:850][  0]LogConfig: Setting CVar [[r.DepthOfFieldQuality:2]]
[2019.01.21-01.41.58:850][  0]LogConfig: Setting CVar [[r.RenderTargetPoolMin:400]]
[2019.01.21-01.41.58:850][  0]LogConfig: Setting CVar [[r.LensFlareQuality:2]]
[2019.01.21-01.41.58:850][  0]LogConfig: Setting CVar [[r.SceneColorFringeQuality:1]]
[2019.01.21-01.41.58:850][  0]LogConfig: Setting CVar [[r.EyeAdaptationQuality:2]]
[2019.01.21-01.41.58:850][  0]LogConfig: Setting CVar [[r.BloomQuality:5]]
[2019.01.21-01.41.58:850][  0]LogConfig: Setting CVar [[r.FastBlurThreshold:100]]
[2019.01.21-01.41.58:850][  0]LogConfig: Setting CVar [[r.Upscale.Quality:3]]
[2019.01.21-01.41.58:850][  0]LogConfig: Setting CVar [[r.Tonemapper.GrainQuantization:1]]
[2019.01.21-01.41.58:850][  0]LogConfig: Setting CVar [[r.LightShaftQuality:1]]
[2019.01.21-01.41.58:850][  0]LogConfig: Setting CVar [[r.Filter.SizeScale:1]]
[2019.01.21-01.41.58:850][  0]LogConfig: Setting CVar [[r.Tonemapper.Quality:5]]
[2019.01.21-01.41.58:850][  0]LogConfig: Setting CVar [[r.DOF.Gather.AccumulatorQuality:1        ; higher gathering accumulator quality]]
[2019.01.21-01.41.58:850][  0]LogConfig: Setting CVar [[r.DOF.Gather.PostfilterMethod:1          ; Median3x3 postfilering method]]
[2019.01.21-01.41.58:850][  0]LogConfig: Setting CVar [[r.DOF.Gather.EnableBokehSettings:0       ; no bokeh simulation when gathering]]
[2019.01.21-01.41.58:850][  0]LogConfig: Setting CVar [[r.DOF.Gather.RingCount:4                 ; medium number of samples when gathering]]
[2019.01.21-01.41.58:850][  0]LogConfig: Setting CVar [[r.DOF.Scatter.ForegroundCompositing:1    ; additive foreground scattering]]
[2019.01.21-01.41.58:850][  0]LogConfig: Setting CVar [[r.DOF.Scatter.BackgroundCompositing:2    ; additive background scattering]]
[2019.01.21-01.41.58:850][  0]LogConfig: Setting CVar [[r.DOF.Scatter.EnableBokehSettings:1      ; bokeh simulation when scattering]]
[2019.01.21-01.41.58:850][  0]LogConfig: Setting CVar [[r.DOF.Scatter.MaxSpriteRatio:0.1         ; only a maximum of 10% of scattered bokeh]]
[2019.01.21-01.41.58:850][  0]LogConfig: Setting CVar [[r.DOF.Recombine.Quality:1                ; cheap slight out of focus]]
[2019.01.21-01.41.58:850][  0]LogConfig: Setting CVar [[r.DOF.Recombine.EnableBokehSettings:0    ; no bokeh simulation on slight out of focus]]
[2019.01.21-01.41.58:850][  0]LogConfig: Setting CVar [[r.DOF.TemporalAAQuality:1                ; more stable temporal accumulation]]
[2019.01.21-01.41.58:850][  0]LogConfig: Setting CVar [[r.DOF.Kernel.MaxForegroundRadius:0.025]]
[2019.01.21-01.41.58:850][  0]LogConfig: Setting CVar [[r.DOF.Kernel.MaxBackgroundRadius:0.025]]
[2019.01.21-01.41.58:850][  0]LogConfig: Applying CVar settings from Section [TextureQuality@3] File [C:/Users/ChrispyGoodGood/Documents/GitHub/SpaceMushrooms/Saved/Config/Windows/Scalability.ini]
[2019.01.21-01.41.58:850][  0]LogConfig: Setting CVar [[r.Streaming.MipBias:0]]
[2019.01.21-01.41.58:850][  0]LogConfig: Setting CVar [[r.Streaming.AmortizeCPUToGPUCopy:0]]
[2019.01.21-01.41.58:850][  0]LogConfig: Setting CVar [[r.Streaming.MaxNumTexturesToStreamPerFrame:0]]
[2019.01.21-01.41.58:850][  0]LogConfig: Setting CVar [[r.Streaming.Boost:1]]
[2019.01.21-01.41.58:850][  0]LogConfig: Setting CVar [[r.MaxAnisotropy:8]]
[2019.01.21-01.41.58:850][  0]LogConfig: Setting CVar [[r.Streaming.LimitPoolSizeToVRAM:0]]
[2019.01.21-01.41.58:850][  0]LogConfig: Setting CVar [[r.Streaming.PoolSize:1000]]
[2019.01.21-01.41.58:850][  0]LogConfig: Setting CVar [[r.Streaming.MaxEffectiveScreenSize:0]]
[2019.01.21-01.41.58:850][  0]LogConfig: Applying CVar settings from Section [EffectsQuality@3] File [C:/Users/ChrispyGoodGood/Documents/GitHub/SpaceMushrooms/Saved/Config/Windows/Scalability.ini]
[2019.01.21-01.41.58:850][  0]LogConfig: Setting CVar [[r.TranslucencyLightingVolumeDim:64]]
[2019.01.21-01.41.58:850][  0]LogConfig: Setting CVar [[r.RefractionQuality:2]]
[2019.01.21-01.41.58:850][  0]LogConfig: Setting CVar [[r.SSR.Quality:3]]
[2019.01.21-01.41.58:850][  0]LogConfig: Setting CVar [[r.SceneColorFormat:4]]
[2019.01.21-01.41.58:850][  0]LogConfig: Setting CVar [[r.DetailMode:2]]
[2019.01.21-01.41.58:850][  0]LogConfig: Setting CVar [[r.TranslucencyVolumeBlur:1]]
[2019.01.21-01.41.58:850][  0]LogConfig: Setting CVar [[r.MaterialQualityLevel:1 ; High quality]]
[2019.01.21-01.41.58:850][  0]LogConfig: Setting CVar [[r.SSS.Scale:1]]
[2019.01.21-01.41.58:850][  0]LogConfig: Setting CVar [[r.SSS.SampleSet:2]]
[2019.01.21-01.41.58:850][  0]LogConfig: Setting CVar [[r.SSS.Quality:1]]
[2019.01.21-01.41.58:850][  0]LogConfig: Setting CVar [[r.SSS.HalfRes:1]]
[2019.01.21-01.41.58:850][  0]LogConfig: Setting CVar [[r.EmitterSpawnRateScale:1.0]]
[2019.01.21-01.41.58:850][  0]LogConfig: Setting CVar [[r.ParticleLightQuality:2]]
[2019.01.21-01.41.58:850][  0]LogConfig: Applying CVar settings from Section [FoliageQuality@3] File [C:/Users/ChrispyGoodGood/Documents/GitHub/SpaceMushrooms/Saved/Config/Windows/Scalability.ini]
[2019.01.21-01.41.58:850][  0]LogConfig: Setting CVar [[foliage.DensityScale:1.0]]
[2019.01.21-01.41.58:850][  0]LogConfig: Setting CVar [[grass.DensityScale:1.0]]
[2019.01.21-01.41.58:850][  0]LogConfig: Applying CVar settings from Section [Startup] File [../../../Engine/Config/ConsoleVariables.ini]
[2019.01.21-01.41.58:851][  0]LogConfig: Setting CVar [[net.UseAdaptiveNetUpdateFrequency:0]]
[2019.01.21-01.41.58:851][  0]LogConfig: Applying CVar settings from Section [ConsoleVariables] File [C:/Users/ChrispyGoodGood/Documents/GitHub/SpaceMushrooms/Saved/Config/Windows/Engine.ini]
[2019.01.21-01.41.58:851][  0]LogInit: Computer: DESKTOP-KBH9B2J
[2019.01.21-01.41.58:851][  0]LogInit: User: ChrispyGoodGood
[2019.01.21-01.41.58:851][  0]LogInit: CPU Page size=4096, Cores=6
[2019.01.21-01.41.58:851][  0]LogInit: High frequency timer resolution =3.124998 MHz
[2019.01.21-01.41.58:851][  0]LogMemory: Memory total: Physical=16.0GB (16GB approx)
[2019.01.21-01.41.58:851][  0]LogMemory: Platform Memory Stats for Windows
[2019.01.21-01.41.58:851][  0]LogMemory: Process Physical Memory: 103.35 MB used, 103.35 MB peak
[2019.01.21-01.41.58:851][  0]LogMemory: Process Virtual Memory: 86.31 MB used, 86.31 MB peak
[2019.01.21-01.41.58:851][  0]LogMemory: Physical Memory: 5141.64 MB used,  11194.79 MB free, 16336.43 MB total
[2019.01.21-01.41.58:851][  0]LogMemory: Virtual Memory: 4660.11 MB used,  134213064.00 MB free, 134217728.00 MB total
[2019.01.21-01.41.58:865][  0]LogInit: Using OS detected language (en-US).
[2019.01.21-01.41.58:865][  0]LogInit: Using OS detected locale (en-US).
[2019.01.21-01.41.58:866][  0]LogTextLocalizationManager: No specific localization for 'en-US' exists, so the 'en' localization will be used.
[2019.01.21-01.41.59:261][  0]LogStreaming: Display: Took  0.395s to InitEngineTextLocalization.
[2019.01.21-01.41.59:261][  0]LogInit: Setting process to per monitor DPI aware
[2019.01.21-01.41.59:296][  0]LogSlate: New Slate User Created.  User Index 0, Is Virtual User: 0
[2019.01.21-01.41.59:296][  0]LogSlate: Slate User Registered.  User Index 0, Is Virtual User: 0
[2019.01.21-01.41.59:499][  0]LogHMD: Failed to initialize OpenVR with code 110
[2019.01.21-01.41.59:499][  0]LogD3D11RHI: D3D11 adapters:
[2019.01.21-01.41.59:532][  0]LogD3D11RHI:    0. 'NVIDIA GeForce GT 630' (Feature Level 11_0)
[2019.01.21-01.41.59:532][  0]LogD3D11RHI:       2017/0/8168 MB DedicatedVideo/DedicatedSystem/SharedSystem, Outputs:2, VendorId:0x10de
[2019.01.21-01.41.59:535][  0]LogD3D11RHI:    1. 'Microsoft Basic Render Driver' (Feature Level 11_0)
[2019.01.21-01.41.59:535][  0]LogD3D11RHI:       0/0/8168 MB DedicatedVideo/DedicatedSystem/SharedSystem, Outputs:0, VendorId:0x1414
[2019.01.21-01.41.59:535][  0]LogD3D11RHI: Chosen D3D11 Adapter: 0
[2019.01.21-01.41.59:542][  0]LogD3D11RHI: Creating new Direct3DDevice
[2019.01.21-01.41.59:542][  0]LogD3D11RHI:     GPU DeviceId: 0xfc2 (for the marketing name, search the web for "GPU Device Id")
[2019.01.21-01.41.59:542][  0]LogWindows: EnumDisplayDevices:
[2019.01.21-01.41.59:542][  0]LogWindows:    0. 'NVIDIA GeForce GT 630' (P:1 D:1)
[2019.01.21-01.41.59:543][  0]LogWindows:    1. 'NVIDIA GeForce GT 630' (P:0 D:1)
[2019.01.21-01.41.59:543][  0]LogWindows:    2. 'NVIDIA GeForce GT 630' (P:0 D:0)
[2019.01.21-01.41.59:543][  0]LogWindows: DebugString: FoundDriverCount:3 
[2019.01.21-01.41.59:543][  0]LogD3D11RHI:     Adapter Name: NVIDIA GeForce GT 630
[2019.01.21-01.41.59:543][  0]LogD3D11RHI:   Driver Version: 376.54 (internal:21.21.13.7654, unified:376.54)
[2019.01.21-01.41.59:543][  0]LogD3D11RHI:      Driver Date: 12-29-2016
[2019.01.21-01.41.59:543][  0]LogRHI: Texture pool is 1412 MB (70% of 2017 MB)
[2019.01.21-01.41.59:565][  0]LogD3D11RHI: Async texture creation enabled
[2019.01.21-01.41.59:583][  0]LogD3D11RHI: GPU Timing Frequency: 1000.000000 (Debug: 2 2)
[2019.01.21-01.42.00:017][  0]LogTemp: Display: Loaded TP AllDesktopTargetPlatform
[2019.01.21-01.42.00:034][  0]LogTemp: Display: Loaded TP MacClientTargetPlatform
[2019.01.21-01.42.00:050][  0]LogTemp: Display: Loaded TP MacNoEditorTargetPlatform
[2019.01.21-01.42.00:065][  0]LogTemp: Display: Loaded TP MacServerTargetPlatform
[2019.01.21-01.42.00:081][  0]LogTemp: Display: Loaded TP MacTargetPlatform
[2019.01.21-01.42.00:097][  0]LogTemp: Display: Loaded TP WindowsClientTargetPlatform
[2019.01.21-01.42.00:113][  0]LogTemp: Display: Loaded TP WindowsNoEditorTargetPlatform
[2019.01.21-01.42.00:130][  0]LogTemp: Display: Loaded TP WindowsServerTargetPlatform
[2019.01.21-01.42.00:138][  0]LogTemp: Display: Loaded TP WindowsTargetPlatform
[2019.01.21-01.42.00:231][  0]LogTemp: Display: Loaded TP AndroidTargetPlatform
[2019.01.21-01.42.00:231][  0]LogTemp: Display: Loaded TP AndroidTargetPlatform
[2019.01.21-01.42.00:231][  0]LogTemp: Display: Loaded TP AndroidTargetPlatform
[2019.01.21-01.42.00:231][  0]LogTemp: Display: Loaded TP AndroidTargetPlatform
[2019.01.21-01.42.00:231][  0]LogTemp: Display: Loaded TP AndroidTargetPlatform
[2019.01.21-01.42.00:231][  0]LogTemp: Display: Loaded TP AndroidTargetPlatform
[2019.01.21-01.42.00:231][  0]LogTemp: Display: Loaded TP AndroidTargetPlatform
[2019.01.21-01.42.00:231][  0]LogTemp: Display: Loaded TP AndroidTargetPlatform
[2019.01.21-01.42.00:231][  0]LogTemp: Display: Loaded TP AndroidTargetPlatform
[2019.01.21-01.42.00:231][  0]LogTemp: Display: Loaded TP AndroidTargetPlatform
[2019.01.21-01.42.00:231][  0]LogTemp: Display: Loaded TP AndroidTargetPlatform
[2019.01.21-01.42.00:231][  0]LogTemp: Display: Loaded TP AndroidTargetPlatform
[2019.01.21-01.42.00:231][  0]LogTemp: Display: Loaded TP AndroidTargetPlatform
[2019.01.21-01.42.00:231][  0]LogTemp: Display: Loaded TP AndroidTargetPlatform
[2019.01.21-01.42.00:231][  0]LogTemp: Display: Loaded TP AndroidTargetPlatform
[2019.01.21-01.42.00:231][  0]LogTemp: Display: Loaded TP AndroidTargetPlatform
[2019.01.21-01.42.00:231][  0]LogTemp: Display: Loaded TP AndroidTargetPlatform
[2019.01.21-01.42.00:231][  0]LogTemp: Display: Loaded TP AndroidTargetPlatform
[2019.01.21-01.42.00:232][  0]LogTemp: Display: Loaded TP HTML5TargetPlatform
[2019.01.21-01.42.00:298][  0]LogTemp: Display: Loaded TP IOSTargetPlatform
[2019.01.21-01.42.00:298][  0]LogTemp: Display: Loaded TP IOSTargetPlatform
[2019.01.21-01.42.00:326][  0]LogTemp: Display: Loaded TP TVOSTargetPlatform
[2019.01.21-01.42.00:326][  0]LogTemp: Display: Loaded TP TVOSTargetPlatform
[2019.01.21-01.42.00:341][  0]LogTemp: Display: Loaded TP LinuxClientTargetPlatform
[2019.01.21-01.42.00:356][  0]LogTemp: Display: Loaded TP LinuxNoEditorTargetPlatform
[2019.01.21-01.42.00:371][  0]LogTemp: Display: Loaded TP LinuxServerTargetPlatform
[2019.01.21-01.42.00:386][  0]LogTemp: Display: Loaded TP LinuxTargetPlatform
[2019.01.21-01.42.00:440][  0]LogTemp: Display: Loaded TP LuminTargetPlatform
[2019.01.21-01.42.00:440][  0]LogTemp: Display: Loaded TP LuminTargetPlatform
[2019.01.21-01.42.00:440][  0]LogTargetPlatformManager: Display: Building Assets For Windows
[2019.01.21-01.42.00:501][  0]LogShaderCompilers: Guid format shader working directory is -15 characters bigger than the processId version (../../../../../../Users/ChrispyGoodGood/Documents/GitHub/SpaceMushrooms/Intermediate/Shaders/WorkingDirectory/5952/).
[2019.01.21-01.42.00:501][  0]LogShaderCompilers: Cleaned the shader compiler working directory 'C:/Users/ChrispyGoodGood/AppData/Local/Temp/UnrealShaderWorkingDir/9DC5DF6F4A5367B9A9DA4CA9EC44A0C9/'.
[2019.01.21-01.42.00:504][  0]LogXGEController: Cannot use XGE Controller as Incredibuild is not installed on this machine.
[2019.01.21-01.42.00:504][  0]LogShaderCompilers: Cannot use XGE Shader Compiler as Incredibuild is not installed on this machine.
[2019.01.21-01.42.00:504][  0]LogShaderCompilers: Display: Using Local Shader Compiler.
[2019.01.21-01.42.01:068][  0]LogDerivedDataCache: Display: Max Cache Size: 512 MB
[2019.01.21-01.42.01:153][  0]LogDerivedDataCache: Loaded boot cache 0.08s 86MB C:/Users/ChrispyGoodGood/AppData/Local/UnrealEngine/4.21/DerivedDataCache/Boot.ddc.
[2019.01.21-01.42.01:153][  0]LogDerivedDataCache: Display: Loaded Boot cache: C:/Users/ChrispyGoodGood/AppData/Local/UnrealEngine/4.21/DerivedDataCache/Boot.ddc
[2019.01.21-01.42.01:153][  0]LogDerivedDataCache: FDerivedDataBackendGraph:  Pak pak cache file ../../../../../../Users/ChrispyGoodGood/Documents/GitHub/SpaceMushrooms/DerivedDataCache/DDC.ddp not found, will not use a pak cache.
[2019.01.21-01.42.01:153][  0]LogDerivedDataCache: Unable to find inner node Pak for hierarchical cache Hierarchy.
[2019.01.21-01.42.01:153][  0]LogDerivedDataCache: FDerivedDataBackendGraph:  CompressedPak pak cache file ../../../../../../Users/ChrispyGoodGood/Documents/GitHub/SpaceMushrooms/DerivedDataCache/Compressed.ddp not found, will not use a pak cache.
[2019.01.21-01.42.01:153][  0]LogDerivedDataCache: Unable to find inner node CompressedPak for hierarchical cache Hierarchy.
[2019.01.21-01.42.01:167][  0]LogDerivedDataCache: Display: Pak cache opened for reading ../../../Engine/DerivedDataCache/Compressed.ddp.
[2019.01.21-01.42.01:168][  0]LogDerivedDataCache: FDerivedDataBackendGraph:  EnterprisePak pak cache file ../../../Enterprise/DerivedDataCache/Compressed.ddp not found, will not use a pak cache.
[2019.01.21-01.42.01:168][  0]LogDerivedDataCache: Unable to find inner node EnterprisePak for hierarchical cache Hierarchy.
[2019.01.21-01.42.01:180][  0]LogDerivedDataCache: Using Local data cache path C:/Users/ChrispyGoodGood/AppData/Local/UnrealEngine/Common/DerivedDataCache: Writable
[2019.01.21-01.42.01:180][  0]LogDerivedDataCache: Shared data cache path not found in *engine.ini, will not use an Shared cache.
[2019.01.21-01.42.01:180][  0]LogDerivedDataCache: Unable to find inner node Shared for hierarchical cache Hierarchy.
[2019.01.21-01.42.01:206][  0]LogMaterial: Verifying Global Shaders for PCD3D_SM5
[2019.01.21-01.42.01:208][  0]LogSlate: Using FreeType 2.6.0
[2019.01.21-01.42.01:208][  0]LogSlate: SlateFontServices - WITH_FREETYPE: 1, WITH_HARFBUZZ: 1
[2019.01.21-01.42.01:303][  0]LogAssetRegistry: FAssetRegistry took 0.0367 seconds to start up
[2019.01.21-01.42.01:672][  0]LogInit: Selected Device Profile: [Windows]
[2019.01.21-01.42.01:825][  0]LogSimplygon: Simplygon DLL not present - disabling.
[2019.01.21-01.42.01:829][  0]LogMeshReduction: Using SimplygonSwarm for distributed automatic mesh merging
[2019.01.21-01.42.01:829][  0]LogMeshReduction: Using ProxyLODMeshReduction for automatic mesh merging
[2019.01.21-01.42.01:829][  0]LogMeshReduction: Using QuadricMeshReduction for automatic static mesh reduction
[2019.01.21-01.42.01:829][  0]LogMeshReduction: No automatic skeletal mesh reduction module available
[2019.01.21-01.42.01:843][  0]LogNetVersion: MoonMushrooms 1.0.0, NetCL: 4541578, EngineNetVer: 5, GameNetVer: 0 (Checksum: 2684806206)
[2019.01.21-01.42.02:458][  0]LogPackageLocalizationCache: Processed 11 localized package path(s) for 2 prioritized culture(s) in 0.112499 seconds
[2019.01.21-01.42.02:465][  0]LogUObjectArray: 39775 objects as part of root set at end of initial load.
[2019.01.21-01.42.02:465][  0]LogUObjectAllocator: 6914664 out of 0 bytes used by permanent object pool.
[2019.01.21-01.42.02:466][  0]LogUObjectArray: CloseDisregardForGC: 0/0 objects in disregard for GC pool
[2019.01.21-01.42.03:355][  0]LogTcpMessaging: Initializing TcpMessaging bridge
[2019.01.21-01.42.03:368][  0]LogUdpMessaging: Initializing bridge on interface 0.0.0.0:0 to multicast group 230.0.0.1:6666.
[2019.01.21-01.42.04:056][  0]SourceControl: Source control is disabled
[2019.01.21-01.42.04:056][  0]SourceControl: Source control is disabled
[2019.01.21-01.42.04:057][  0]SourceControl: Source control is disabled
[2019.01.21-01.42.04:058][  0]SourceControl: Source control is disabled
[2019.01.21-01.42.04:229][  0]LogAndroidPermission: UAndroidPermissionCallbackProxy::GetInstance
[2019.01.21-01.42.04:278][  0]LogOcInput: OculusInput pre-init called
[2019.01.21-01.42.04:418][  0]LogEngine: Initializing Engine...
[2019.01.21-01.42.04:419][  0]LogHMD: Failed to initialize OpenVR with code 110
[2019.01.21-01.42.04:421][  0]LogStats: UGameplayTagsManager::ConstructGameplayTagTree: ImportINI prefixes -  0.000 s
[2019.01.21-01.42.04:421][  0]LogStats: UGameplayTagsManager::ConstructGameplayTagTree: Construct from data asset -  0.000 s
[2019.01.21-01.42.04:421][  0]LogStats: UGameplayTagsManager::ConstructGameplayTagTree: ImportINI -  0.000 s
[2019.01.21-01.42.04:421][  0]LogStats: UGameplayTagsManager::ConstructGameplayTagTree: GameplayTagTreeChangedEvent.Broadcast -  0.000 s
[2019.01.21-01.42.04:653][  0]LogInit: Initializing FReadOnlyCVARCache
[2019.01.21-01.42.04:672][  0]LogAIModule: Creating AISystem for world Untitled
[2019.01.21-01.42.04:680][  0]LogInit: XAudio2 using 'Line Out (2- Scarlett 2i2 USB)' : 2 channels at 48 kHz using 16 bits per sample (channel mask 0x3)
[2019.01.21-01.42.04:688][  0]LogInit: FAudioDevice initialized.
[2019.01.21-01.42.04:689][  0]LogNetVersion: Set ProjectVersion to 1.0.0.0. Version Checksum will be recalculated on next use.
[2019.01.21-01.42.05:716][  0]LogDerivedDataCache: Saved boot cache 1.03s 71MB C:/Users/ChrispyGoodGood/AppData/Local/UnrealEngine/4.21/DerivedDataCache/Boot.ddc.
[2019.01.21-01.42.05:726][  0]LogInit: Texture streaming: Enabled
[2019.01.21-01.42.05:747][  0]LogEngineSessionManager: EngineSessionManager initialized
[2019.01.21-01.42.05:779][  0]LogInit: Transaction tracking system initialized
[2019.01.21-01.42.05:803][  0]BlueprintLog: New page: Editor Load
[2019.01.21-01.42.05:886][  0]LocalizationService: Localization service is disabled
[2019.01.21-01.42.06:506][  0]LogFileCache: Scanning file cache for directory 'C:/Users/ChrispyGoodGood/Documents/GitHub/SpaceMushrooms/Content/' took 0.02s
[2019.01.21-01.42.06:506][  0]LogCook: Display: Max memory allowance for cook 16384mb min free memory 0mb
[2019.01.21-01.42.06:506][  0]LogCook: Display: Mobile HDR setting 1
[2019.01.21-01.42.06:506][  0]LogGameplayTags: Display: UGameplayTagsManager::DoneAddingNativeTags. DelegateIsBound: 0
[2019.01.21-01.42.06:506][  0]LogStats: UGameplayTagsManager::ConstructGameplayTagTree: ImportINI prefixes -  0.000 s
[2019.01.21-01.42.06:506][  0]LogStats: UGameplayTagsManager::ConstructGameplayTagTree: Construct from data asset -  0.000 s
[2019.01.21-01.42.06:506][  0]LogStats: UGameplayTagsManager::ConstructGameplayTagTree: ImportINI -  0.000 s
[2019.01.21-01.42.06:506][  0]LogStats: UGameplayTagsManager::ConstructGameplayTagTree: GameplayTagTreeChangedEvent.Broadcast -  0.000 s
[2019.01.21-01.42.06:660][  0]SourceControl: Source control is disabled
[2019.01.21-01.42.06:660][  0]Cmd: MAP LOAD FILE="../../../../../../Users/ChrispyGoodGood/Documents/GitHub/SpaceMushrooms/Content/ThirdPersonBP/Maps/ThirdPersonExampleMap.umap" TEMPLATE=0 SHOWPROGRESS=1 FEATURELEVEL=3
[2019.01.21-01.42.06:664][  0]LightingResults: New page: Lighting Build
[2019.01.21-01.42.06:667][  0]MapCheck: New page: Map Check
[2019.01.21-01.42.06:667][  0]LightingResults: New page: Lighting Build
[2019.01.21-01.42.08:735][  0]LogAIModule: Creating AISystem for world ThirdPersonExampleMap
[2019.01.21-01.42.09:108][  0]LogEditorServer: Finished looking for orphan Actors (0.000 secs)
[2019.01.21-01.42.09:143][  0]Cmd: MAP CHECKDEP NOCLEARLOG
[2019.01.21-01.42.09:144][  0]MapCheck: Map check complete: 0 Error(s), 0 Warning(s), took 0.201ms to complete.
[2019.01.21-01.42.09:144][  0]LogFileHelpers: Loading map 'ThirdPersonExampleMap' took 2.484
[2019.01.21-01.42.09:862][  0]LogSlate: Updating window title bar state: overlay mode, drag disabled, window buttons hidden, title bar hidden
[2019.01.21-01.42.09:871][  0]LogSlate: Updating window title bar state: overlay mode, drag disabled, window buttons hidden, title bar hidden
[2019.01.21-01.42.09:880][  0]LogSlate: Updating window title bar state: overlay mode, drag disabled, window buttons hidden, title bar hidden
[2019.01.21-01.42.09:888][  0]LogSlate: Updating window title bar state: overlay mode, drag disabled, window buttons hidden, title bar hidden
[2019.01.21-01.42.10:194][  0]LogCollectionManager: Loaded 0 collections in 0.001743 seconds
[2019.01.21-01.42.10:499][  0]LogFileCache: Scanning file cache for directory 'C:/Users/ChrispyGoodGood/Documents/GitHub/SpaceMushrooms/Saved/Collections/' took 0.01s
[2019.01.21-01.42.10:499][  0]LogFileCache: Scanning file cache for directory 'C:/Users/ChrispyGoodGood/Documents/GitHub/SpaceMushrooms/Content/Developers/ChrispyGoodGood/Collections/' took 0.01s
[2019.01.21-01.42.10:499][  0]LogFileCache: Scanning file cache for directory 'C:/Users/ChrispyGoodGood/Documents/GitHub/SpaceMushrooms/Content/Collections/' took 0.01s
[2019.01.21-01.42.10:499][  0]LogCollectionManager: Rebuilt the GUID cache for 0 collections in 0.000000 seconds
[2019.01.21-01.42.10:533][  0]LogContentBrowser: Native class hierarchy populated in 0.0120 seconds. Added 2651 classes and 620 folders.
[2019.01.21-01.42.10:784][  0]LogContentBrowser: Native class hierarchy updated for 'WidgetCarousel' in 0.0003 seconds. Added 0 classes and 0 folders.
[2019.01.21-01.42.10:933][  0]LogPakFile: Registered encryption key '00000000000000000000000000000000': 0 pak files mounted, 0 remain pending
[2019.01.21-01.42.10:993][  0]LogPakFile: Registered encryption key '00000000000000000000000000000000': 0 pak files mounted, 0 remain pending
[2019.01.21-01.42.11:022][  0]LogPakFile: Registered encryption key '00000000000000000000000000000000': 0 pak files mounted, 0 remain pending
[2019.01.21-01.42.11:088][  0]LogPakFile: Registered encryption key '00000000000000000000000000000000': 0 pak files mounted, 0 remain pending
[2019.01.21-01.42.11:109][  0]LogPakFile: Registered encryption key '00000000000000000000000000000000': 0 pak files mounted, 0 remain pending
[2019.01.21-01.42.11:115][  0]LogPakFile: Registered encryption key '00000000000000000000000000000000': 0 pak files mounted, 0 remain pending
[2019.01.21-01.42.11:190][  0]LogPakFile: Registered encryption key '00000000000000000000000000000000': 0 pak files mounted, 0 remain pending
[2019.01.21-01.42.11:197][  0]LogPakFile: Registered encryption key '00000000000000000000000000000000': 0 pak files mounted, 0 remain pending
[2019.01.21-01.42.11:222][  0]LogPakFile: Registered encryption key '00000000000000000000000000000000': 0 pak files mounted, 0 remain pending
[2019.01.21-01.42.11:248][  0]LogPakFile: Registered encryption key '00000000000000000000000000000000': 0 pak files mounted, 0 remain pending
[2019.01.21-01.42.11:281][  0]LogPakFile: Registered encryption key '00000000000000000000000000000000': 0 pak files mounted, 0 remain pending
[2019.01.21-01.42.11:285][  0]LogPakFile: Registered encryption key '00000000000000000000000000000000': 0 pak files mounted, 0 remain pending
[2019.01.21-01.42.11:308][  0]LogPakFile: Registered encryption key '00000000000000000000000000000000': 0 pak files mounted, 0 remain pending
[2019.01.21-01.42.11:334][  0]LogPakFile: Registered encryption key '00000000000000000000000000000000': 0 pak files mounted, 0 remain pending
[2019.01.21-01.42.11:367][  0]LogPakFile: Registered encryption key '00000000000000000000000000000000': 0 pak files mounted, 0 remain pending
[2019.01.21-01.42.11:413][  0]LogPakFile: Registered encryption key '00000000000000000000000000000000': 0 pak files mounted, 0 remain pending
[2019.01.21-01.42.11:451][  0]LogPakFile: Registered encryption key '00000000000000000000000000000000': 0 pak files mounted, 0 remain pending
[2019.01.21-01.42.11:456][  0]LogPakFile: Registered encryption key '00000000000000000000000000000000': 0 pak files mounted, 0 remain pending
[2019.01.21-01.42.11:461][  0]LogPakFile: Registered encryption key '00000000000000000000000000000000': 0 pak files mounted, 0 remain pending
[2019.01.21-01.42.11:487][  0]LogPakFile: Registered encryption key '00000000000000000000000000000000': 0 pak files mounted, 0 remain pending
[2019.01.21-01.42.11:535][  0]LogPakFile: Registered encryption key '00000000000000000000000000000000': 0 pak files mounted, 0 remain pending
[2019.01.21-01.42.11:550][  0]LogPakFile: Registered encryption key '00000000000000000000000000000000': 0 pak files mounted, 0 remain pending
[2019.01.21-01.42.11:555][  0]LogPakFile: Registered encryption key '00000000000000000000000000000000': 0 pak files mounted, 0 remain pending
[2019.01.21-01.42.11:626][  0]LogPakFile: Registered encryption key '00000000000000000000000000000000': 0 pak files mounted, 0 remain pending
[2019.01.21-01.42.11:632][  0]LogPakFile: Registered encryption key '00000000000000000000000000000000': 0 pak files mounted, 0 remain pending
[2019.01.21-01.42.11:637][  0]LogPakFile: Registered encryption key '00000000000000000000000000000000': 0 pak files mounted, 0 remain pending
[2019.01.21-01.42.12:941][  0]LogContentBrowser: Native class hierarchy updated for 'AddContentDialog' in 0.0003 seconds. Added 0 classes and 0 folders.
[2019.01.21-01.42.13:008][  0]LogContentBrowser: Native class hierarchy updated for 'SceneOutliner' in 0.0003 seconds. Added 1 classes and 2 folders.
[2019.01.21-01.42.13:280][  0]LogSlate: Took 0.000282 seconds to synchronously load lazily loaded font '../../../Engine/Content/Slate/Fonts/Roboto-Regular.ttf' (155K)
[2019.01.21-01.42.13:284][  0]LogSlate: Took 0.000400 seconds to synchronously load lazily loaded font '../../../Engine/Content/Slate/Fonts/Roboto-Bold.ttf' (160K)
[2019.01.21-01.42.13:375][  0]LogSlate: Took 0.061181 seconds to synchronously load lazily loaded font '../../../Engine/Content/Editor/Slate/Fonts/FontAwesome.ttf' (139K)
[2019.01.21-01.42.13:960][  0]LogRenderer: Reallocating scene render targets to support 1208x600 Format 10 NumSamples 1 (Frame:1).
[2019.01.21-01.42.14:550][  0]LogSlate: FSceneViewport::OnFocusLost() reason 2
[2019.01.21-01.42.14:918][  0]LogSlate: Window 'Tutorials' being destroyed
[2019.01.21-01.42.14:951][  0]LogContentBrowser: Native class hierarchy updated for 'HierarchicalLODOutliner' in 0.0003 seconds. Added 0 classes and 0 folders.
[2019.01.21-01.42.14:951][  0]LogLoad: (Engine Initialization) Total time: 18.28 seconds
[2019.01.21-01.42.14:951][  0]LogLoad: (Engine Initialization) Total Blueprint compile time: 0.00 seconds
[2019.01.21-01.42.14:961][  0]LogWindowsTextInputMethodSystem: Display: IME system now deactivated.
[2019.01.21-01.42.15:036][  0]LogContentStreaming: Texture pool size now 1000 MB
[2019.01.21-01.42.15:097][  0]LogSlate: Took 0.027068 seconds to synchronously load lazily loaded font '../../../Engine/Content/Slate/Fonts/Roboto-Light.ttf' (167K)
[2019.01.21-01.42.22:211][182]LogCollectionManager: Rebuilt the object cache for 0 collections in 0.000000 seconds (found 0 objects)
[2019.01.21-01.42.34:111][513]LogAssetRegistry: Asset discovery search completed in 32.8320 seconds
[2019.01.21-01.42.34:115][513]LogCollectionManager: Fixed up redirectors for 0 collections in 0.000005 seconds (updated 0 objects)
[2019.01.21-01.42.34:646][528]LogSlate: FSceneViewport::OnFocusLost() reason 0
[2019.01.21-01.42.52:622][ 29]LogSlate: FSceneViewport::OnFocusLost() reason 0
[2019.01.21-01.43.01:411][276]LogSlate: Took 0.000227 seconds to synchronously load lazily loaded font '../../../Engine/Content/Slate/Fonts/Roboto-Light.ttf' (167K)
[2019.01.21-01.43.01:582][276]LogTexture: Display: Building textures: Texture2D_110 (BGRA8, 64X64)
[2019.01.21-01.43.01:582][276]LogTexture: Display: Building textures: Texture2D_102 (BGRA8, 64X64)
[2019.01.21-01.43.01:582][276]LogTexture: Display: Building textures: Texture2D_118 (BGRA8, 64X64)
[2019.01.21-01.43.01:582][276]LogTexture: Display: Building textures: Texture2D_124 (BGRA8, 64X64)
[2019.01.21-01.43.01:582][276]LogTexture: Display: Building textures: Texture2D_126 (BGRA8, 64X64)
[2019.01.21-01.43.01:582][276]LogTexture: Display: Building textures: Texture2D_130 (BGRA8, 64X64)
[2019.01.21-01.43.01:582][276]LogTexture: Display: Building textures: Texture2D_133 (BGRA8, 64X64)
[2019.01.21-01.43.01:582][276]LogTexture: Display: Building textures: Texture2D_137 (BGRA8, 64X64)
[2019.01.21-01.43.01:582][276]LogTexture: Display: Building textures: Texture2D_141 (BGRA8, 64X64)
[2019.01.21-01.43.01:582][276]LogTexture: Display: Building textures: Texture2D_125 (BGRA8, 512X512)
[2019.01.21-01.43.01:582][276]LogTexture: Display: Building textures: Texture2D_145 (BGRA8, 64X64)
[2019.01.21-01.43.01:582][276]LogTexture: Display: Building textures: Texture2D_149 (BGRA8, 64X64)
[2019.01.21-01.43.01:582][276]LogTexture: Display: Building textures: Texture2D_161 (BGRA8, 64X64)
[2019.01.21-01.43.01:582][276]LogTexture: Display: Building textures: Texture2D_153 (BGRA8, 64X64)
[2019.01.21-01.43.01:582][276]LogTexture: Display: Building textures: Texture2D_157 (BGRA8, 64X64)
[2019.01.21-01.43.01:582][276]LogTexture: Display: Building textures: Texture2D_165 (BGRA8, 64X64)
[2019.01.21-01.43.01:582][276]LogTexture: Display: Building textures: Texture2D_169 (BGRA8, 64X64)
[2019.01.21-01.43.01:582][276]LogTexture: Display: Building textures: Texture2D_173 (BGRA8, 64X64)
[2019.01.21-01.43.01:582][276]LogTexture: Display: Building textures: Texture2D_181 (BGRA8, 64X64)
[2019.01.21-01.43.01:582][276]LogTexture: Display: Building textures: Texture2D_177 (BGRA8, 64X64)
[2019.01.21-01.43.01:582][276]LogTexture: Display: Building textures: Texture2D_185 (BGRA8, 64X64)
[2019.01.21-01.43.01:582][276]LogTexture: Display: Building textures: Texture2D_19 (BGRA8, 64X64)
[2019.01.21-01.43.01:582][276]LogTexture: Display: Building textures: Texture2D_189 (BGRA8, 64X64)
[2019.01.21-01.43.01:582][276]LogTexture: Display: Building textures: Texture2D_193 (BGRA8, 64X64)
[2019.01.21-01.43.01:582][276]LogTexture: Display: Building textures: Texture2D_197 (BGRA8, 64X64)
[2019.01.21-01.43.01:582][276]LogTexture: Display: Building textures: Texture2D_201 (BGRA8, 64X64)
[2019.01.21-01.43.01:582][276]LogTexture: Display: Building textures: Texture2D_206 (BGRA8, 64X64)
[2019.01.21-01.43.01:582][276]LogTexture: Display: Building textures: Texture2D_205 (BGRA8, 64X64)
[2019.01.21-01.43.01:582][276]LogTexture: Display: Building textures: Texture2D_38 (BGRA8, 64X64)
[2019.01.21-01.43.01:583][276]LogTexture: Display: Building textures: Texture2D_4198 (BGRA8, 64X64)
[2019.01.21-01.43.01:583][276]LogTexture: Display: Building textures: Texture2D_4200 (BGRA8, 64X64)
[2019.01.21-01.43.01:583][276]LogTexture: Display: Building textures: Texture2D_4201 (BGRA8, 64X64)
[2019.01.21-01.43.01:583][276]LogTexture: Display: Building textures: Texture2D_27 (BGRA8, 64X64)
[2019.01.21-01.43.01:583][276]LogTexture: Display: Building textures: Texture2D_4203 (BGRA8, 64X64)
[2019.01.21-01.43.01:583][276]LogTexture: Display: Building textures: Texture2D_4204 (BGRA8, 64X64)
[2019.01.21-01.43.01:583][276]LogTexture: Display: Building textures: Texture2D_4205 (BGRA8, 64X64)
[2019.01.21-01.43.01:583][276]LogTexture: Display: Building textures: Texture2D_4202 (BGRA8, 64X64)
[2019.01.21-01.43.01:583][276]LogTexture: Display: Building textures: Texture2D_4206 (BGRA8, 64X64)
[2019.01.21-01.43.01:583][276]LogTexture: Display: Building textures: Texture2D_4207 (BGRA8, 64X64)
[2019.01.21-01.43.01:583][276]LogMaterial: Display: Missing cached shader map for material Landscape, compiling. 
[2019.01.21-01.43.01:712][276]LogTexture: Display: Building textures: Texture2D_4208 (BGRA8, 64X64)
[2019.01.21-01.43.01:712][276]LogTexture: Display: Building textures: Texture2D_4209 (BGRA8, 64X64)
[2019.01.21-01.43.01:712][276]LogTexture: Display: Building textures: Texture2D_4211 (BGRA8, 64X64)
[2019.01.21-01.43.01:712][276]LogTexture: Display: Building textures: Texture2D_4212 (BGRA8, 64X64)
[2019.01.21-01.43.01:712][276]LogTexture: Display: Building textures: Texture2D_4210 (BGRA8, 64X64)
[2019.01.21-01.43.01:712][276]LogTexture: Display: Building textures: Texture2D_4213 (BGRA8, 64X64)
[2019.01.21-01.43.01:712][276]LogTexture: Display: Building textures: Texture2D_4214 (BGRA8, 64X64)
[2019.01.21-01.43.01:712][276]LogTexture: Display: Building textures: Texture2D_4215 (BGRA8, 64X64)
[2019.01.21-01.43.01:712][276]LogTexture: Display: Building textures: Texture2D_4199 (BGRA8, 64X64)
[2019.01.21-01.43.01:712][276]LogTexture: Display: Building textures: Texture2D_4216 (BGRA8, 64X64)
[2019.01.21-01.43.01:712][276]LogTexture: Display: Building textures: Texture2D_4218 (BGRA8, 64X64)
[2019.01.21-01.43.01:712][276]LogTexture: Display: Building textures: Texture2D_4217 (BGRA8, 64X64)
[2019.01.21-01.43.01:712][276]LogTexture: Display: Building textures: Texture2D_4220 (BGRA8, 64X64)
[2019.01.21-01.43.01:712][276]LogTexture: Display: Building textures: Texture2D_4219 (BGRA8, 64X64)
[2019.01.21-01.43.01:712][276]LogTexture: Display: Building textures: Texture2D_4221 (BGRA8, 64X64)
[2019.01.21-01.43.01:712][276]LogTexture: Display: Building textures: Texture2D_4222 (BGRA8, 64X64)
[2019.01.21-01.43.01:712][276]LogTexture: Display: Building textures: Texture2D_4223 (BGRA8, 64X64)
[2019.01.21-01.43.01:712][276]LogTexture: Display: Building textures: Texture2D_4224 (BGRA8, 64X64)
[2019.01.21-01.43.01:712][276]LogTexture: Display: Building textures: Texture2D_4225 (BGRA8, 64X64)
[2019.01.21-01.43.01:712][276]LogTexture: Display: Building textures: Texture2D_4227 (BGRA8, 64X64)
[2019.01.21-01.43.01:712][276]LogTexture: Display: Building textures: Texture2D_4226 (BGRA8, 64X64)
[2019.01.21-01.43.01:712][276]LogTexture: Display: Building textures: Texture2D_4228 (BGRA8, 64X64)
[2019.01.21-01.43.01:712][276]LogTexture: Display: Building textures: Texture2D_4230 (BGRA8, 64X64)
[2019.01.21-01.43.01:712][276]LogTexture: Display: Building textures: Texture2D_4229 (BGRA8, 64X64)
[2019.01.21-01.43.01:712][276]LogTexture: Display: Building textures: Texture2D_4231 (BGRA8, 64X64)
[2019.01.21-01.43.01:712][276]LogTexture: Display: Building textures: Texture2D_4232 (BGRA8, 64X64)
[2019.01.21-01.43.01:712][276]LogTexture: Display: Building textures: Texture2D_4233 (BGRA8, 64X64)
[2019.01.21-01.43.01:712][276]LogTexture: Display: Building textures: Texture2D_4234 (BGRA8, 64X64)
[2019.01.21-01.43.01:712][276]LogTexture: Display: Building textures: Texture2D_4235 (BGRA8, 64X64)
[2019.01.21-01.43.01:712][276]LogTexture: Display: Building textures: Texture2D_4236 (BGRA8, 64X64)
[2019.01.21-01.43.01:712][276]LogTexture: Display: Building textures: Texture2D_4237 (BGRA8, 64X64)
[2019.01.21-01.43.01:712][276]LogTexture: Display: Building textures: Texture2D_4239 (BGRA8, 64X64)
[2019.01.21-01.43.01:712][276]LogTexture: Display: Building textures: Texture2D_4238 (BGRA8, 64X64)
[2019.01.21-01.43.01:712][276]LogTexture: Display: Building textures: Texture2D_4240 (BGRA8, 64X64)
[2019.01.21-01.43.01:712][276]LogTexture: Display: Building textures: Texture2D_4241 (BGRA8, 64X64)
[2019.01.21-01.43.01:713][276]LogTexture: Display: Building textures: Texture2D_4242 (BGRA8, 64X64)
[2019.01.21-01.43.01:713][276]LogTexture: Display: Building textures: Texture2D_4244 (BGRA8, 64X64)
[2019.01.21-01.43.01:713][276]LogTexture: Display: Building textures: Texture2D_4246 (BGRA8, 64X64)
[2019.01.21-01.43.01:713][276]LogTexture: Display: Building textures: Texture2D_4245 (BGRA8, 64X64)
[2019.01.21-01.43.01:713][276]LogTexture: Display: Building textures: Texture2D_4247 (BGRA8, 64X64)
[2019.01.21-01.43.01:713][276]LogTexture: Display: Building textures: Texture2D_4248 (BGRA8, 64X64)
[2019.01.21-01.43.01:713][276]LogTexture: Display: Building textures: Texture2D_4243 (BGRA8, 64X64)
[2019.01.21-01.43.01:713][276]LogTexture: Display: Building textures: Texture2D_4249 (BGRA8, 64X64)
[2019.01.21-01.43.01:713][276]LogTexture: Display: Building textures: Texture2D_4251 (BGRA8, 64X64)
[2019.01.21-01.43.01:713][276]LogTexture: Display: Building textures: Texture2D_4250 (BGRA8, 64X64)
[2019.01.21-01.43.01:713][276]LogTexture: Display: Building textures: Texture2D_4252 (BGRA8, 64X64)
[2019.01.21-01.43.01:713][276]LogTexture: Display: Building textures: Texture2D_4253 (BGRA8, 64X64)
[2019.01.21-01.43.01:713][276]LogTexture: Display: Building textures: Texture2D_4255 (BGRA8, 64X64)
[2019.01.21-01.43.01:713][276]LogTexture: Display: Building textures: Texture2D_4256 (BGRA8, 64X64)
[2019.01.21-01.43.01:713][276]LogTexture: Display: Building textures: Texture2D_4257 (BGRA8, 64X64)
[2019.01.21-01.43.01:713][276]LogTexture: Display: Building textures: Texture2D_4254 (BGRA8, 64X64)
[2019.01.21-01.43.01:713][276]LogTexture: Display: Building textures: Texture2D_4258 (BGRA8, 64X64)
[2019.01.21-01.43.01:713][276]LogTexture: Display: Building textures: Texture2D_4259 (BGRA8, 64X64)
[2019.01.21-01.43.01:713][276]LogTexture: Display: Building textures: Texture2D_4260 (BGRA8, 64X64)
[2019.01.21-01.43.01:713][276]LogTexture: Display: Building textures: Texture2D_4261 (BGRA8, 64X64)
[2019.01.21-01.43.01:713][276]LogTexture: Display: Building textures: Texture2D_4262 (BGRA8, 64X64)
[2019.01.21-01.43.01:713][276]LogTexture: Display: Building textures: Texture2D_4263 (BGRA8, 64X64)
[2019.01.21-01.43.01:713][276]LogTexture: Display: Building textures: Texture2D_4264 (BGRA8, 64X64)
[2019.01.21-01.43.01:713][276]LogTexture: Display: Building textures: Texture2D_4265 (BGRA8, 64X64)
[2019.01.21-01.43.01:713][276]LogTexture: Display: Building textures: Texture2D_4266 (BGRA8, 64X64)
[2019.01.21-01.43.01:713][276]LogTexture: Display: Building textures: Texture2D_4267 (BGRA8, 64X64)
[2019.01.21-01.43.01:713][276]LogTexture: Display: Building textures: Texture2D_4269 (BGRA8, 64X64)
[2019.01.21-01.43.01:713][276]LogTexture: Display: Building textures: Texture2D_4268 (BGRA8, 64X64)
[2019.01.21-01.43.01:713][276]LogTexture: Display: Building textures: Texture2D_4270 (BGRA8, 64X64)
[2019.01.21-01.43.01:713][276]LogTexture: Display: Building textures: Texture2D_4271 (BGRA8, 64X64)
[2019.01.21-01.43.01:713][276]LogTexture: Display: Building textures: Texture2D_4272 (BGRA8, 64X64)
[2019.01.21-01.43.01:713][276]LogTexture: Display: Building textures: Texture2D_4273 (BGRA8, 64X64)
[2019.01.21-01.43.01:713][276]LogTexture: Display: Building textures: Texture2D_4274 (BGRA8, 64X64)
[2019.01.21-01.43.01:713][276]LogTexture: Display: Building textures: Texture2D_4275 (BGRA8, 64X64)
[2019.01.21-01.43.01:713][276]LogTexture: Display: Building textures: Texture2D_4276 (BGRA8, 64X64)
[2019.01.21-01.43.01:713][276]LogTexture: Display: Building textures: Texture2D_44 (BGRA8, 64X64)
[2019.01.21-01.43.01:713][276]LogTexture: Display: Building textures: Texture2D_4277 (BGRA8, 64X64)
[2019.01.21-01.43.01:713][276]LogTexture: Display: Building textures: Texture2D_52 (BGRA8, 64X64)
[2019.01.21-01.43.01:713][276]LogTexture: Display: Building textures: Texture2D_66 (BGRA8, 64X64)
[2019.01.21-01.43.01:713][276]LogTexture: Display: Building textures: Texture2D_74 (BGRA8, 64X64)
[2019.01.21-01.43.01:713][276]LogTexture: Display: Building textures: Texture2D_58 (BGRA8, 64X64)
[2019.01.21-01.43.01:713][276]LogTexture: Display: Building textures: Texture2D_80 (BGRA8, 64X64)
[2019.01.21-01.43.01:713][276]LogTexture: Display: Building textures: Texture2D_96 (BGRA8, 64X64)
[2019.01.21-01.43.01:717][276]LogShaderCompilers: Display: Shaders left to compile 22
[2019.01.21-01.43.01:717][276]LogShaderCompilers: Display: Shaders left to compile 12
[2019.01.21-01.43.01:717][276]LogShaderCompilers: Display: Shaders left to compile 2
[2019.01.21-01.43.01:717][276]LogMaterial: Display: Missing cached shader map for material LandscapeHole, compiling. 
[2019.01.21-01.43.01:793][276]LogMaterial: Display: Missing cached shader map for material Landscape, compiling. 
[2019.01.21-01.43.01:830][276]LogAIModule: Creating AISystem for world MoonMap_Test
[2019.01.21-01.43.02:084][276]LogShaderCompilers: Display: Shaders left to compile 87
[2019.01.21-01.43.02:084][276]LogShaderCompilers: Display: Shaders left to compile 77
[2019.01.21-01.43.02:084][276]LogShaderCompilers: Display: Shaders left to compile 67
[2019.01.21-01.43.02:084][276]LogShaderCompilers: Display: Shaders left to compile 57
[2019.01.21-01.43.02:084][276]LogShaderCompilers: Display: Shaders left to compile 47
[2019.01.21-01.43.02:093][276]LogAssetEditorManager: Opening Asset editor for World /Game/Levels/MoonMap_Test.MoonMap_Test
[2019.01.21-01.43.02:172][276]Cmd: MAP LOAD FILE="../../../../../../Users/ChrispyGoodGood/Documents/GitHub/SpaceMushrooms/Content/Levels/MoonMap_Test.umap" TEMPLATE=0 SHOWPROGRESS=1 FEATURELEVEL=3
[2019.01.21-01.43.02:173][276]LightingResults: New page: Lighting Build
[2019.01.21-01.43.02:173][276]LoadErrors: New page: Loading map: MoonMap_Test.umap
[2019.01.21-01.43.02:282][276]MapCheck: New page: Map Check
[2019.01.21-01.43.02:282][276]LightingResults: New page: Lighting Build
[2019.01.21-01.43.02:650][276]LogEditorServer: Finished looking for orphan Actors (0.000 secs)
[2019.01.21-01.43.02:728][276]Cmd: MAP CHECKDEP NOCLEARLOG
[2019.01.21-01.43.02:729][276]MapCheck: Map check complete: 0 Error(s), 0 Warning(s), took 0.199ms to complete.
[2019.01.21-01.43.02:729][276]LogFileHelpers: Loading map 'MoonMap_Test' took 0.557
[2019.01.21-01.43.04:305][320]LogShaderCompilers: Display: Shaders left to compile 37
[2019.01.21-01.43.05:851][384]LogShaderCompilers: Display: Shaders left to compile 27
[2019.01.21-01.43.06:015][388]LogShaderCompilers: Display: Shaders left to compile 17
[2019.01.21-01.43.06:076][389]LogShaderCompilers: Display: Shaders left to compile 7
[2019.01.21-01.43.18:726][694]LogSlate: FSceneViewport::OnFocusLost() reason 0
[2019.01.21-01.44.22:540][996]LogSlate: FSceneViewport::OnFocusLost() reason 0
[2019.01.21-01.44.31:705][255]LogSlate: FSceneViewport::OnFocusLost() reason 2
[2019.01.21-01.44.48:532][425]LogFactory: FactoryCreateFile: SoundWave with ReimportSoundFactory (0 0 C:\Users\ChrispyGoodGood\Desktop\2 snowball fx\snowball soundtrack.wav)
[2019.01.21-01.44.50:486][446]LogAudioDerivedData: Display: Building compressed audio format OGG hash OGG wave snowball_soundtrack...
[2019.01.21-01.44.51:065][446]LogAudioDerivedData: Display: Updated SoundWave->RawPCMDataSize from 0 to 5080320 while cooking SoundWave /Game/Sound/snowball_soundtrack.snowball_soundtrack.
[2019.01.21-01.45.14:234][303]LogSlate: Window 'Delete Assets' being destroyed
[2019.01.21-01.45.29:291][427]LogFactory: FactoryCreateFile: SoundWave with ReimportSoundFactory (0 0 C:\Users\ChrispyGoodGood\Desktop\2 snowball fx\snowball soundtrack.wav)
[2019.01.21-01.46.54:261][424]Cmd: OBJ SAVEPACKAGE PACKAGE="/Game/Sound/snowball_soundtrack" FILE="../../../../../../Users/ChrispyGoodGood/Documents/GitHub/SpaceMushrooms/Content/Sound/snowball_soundtrack.uasset" SILENT=true
[2019.01.21-01.46.54:307][424]LogSavePackage: Moving '../../../../../../Users/ChrispyGoodGood/Documents/GitHub/SpaceMushrooms/Saved/snowball_soundtrack7780E5264562C4102A94CDBBA0D7484B.tmp' to '../../../../../../Users/ChrispyGoodGood/Documents/GitHub/SpaceMushrooms/Content/Sound/snowball_soundtrack.uasset'
